2025-07-18 09:58:30 - INFO - root - logging_config.setup_logging:46 - Logging configured successfully.
2025-07-18 09:58:30 - INFO - app.main - main.<module>:19 - Creating database tables...
2025-07-18 09:58:38 - INFO - app.main - main.<module>:21 - Database tables created.
2025-07-18 09:58:50 - INFO - app.main - main.log_requests:35 - Request: GET http://localhost:8000/docs
2025-07-18 09:58:50 - INFO - app.main - main.log_requests:40 - Request Body: (No JSON body or unable to parse)
2025-07-18 09:58:50 - INFO - app.main - main.log_requests:47 - Response Status: 200
2025-07-18 09:58:50 - INFO - app.main - main.log_requests:48 - Response Time: 3.02ms
2025-07-18 09:58:51 - INFO - app.main - main.log_requests:35 - Request: GET http://localhost:8000/openapi.json
2025-07-18 09:58:51 - INFO - app.main - main.log_requests:40 - Request Body: (No JSON body or unable to parse)
2025-07-18 09:58:51 - INFO - app.main - main.log_requests:47 - Response Status: 200
2025-07-18 09:58:51 - INFO - app.main - main.log_requests:48 - Response Time: 72.20ms
2025-07-18 09:59:03 - INFO - app.main - main.log_requests:35 - Request: POST http://localhost:8000/api/login
2025-07-18 09:59:03 - INFO - app.main - main.log_requests:38 - Request Body: {'phone_number': '+237123456789', 'password': 'SecurePass123'}
2025-07-18 09:59:03 - INFO - app.services.patient_service - patient_service.authenticate_patient:113 - Authentication attempt for phone: +237123456789
2025-07-18 09:59:04 - WARNING - app.services.patient_service - patient_service.authenticate_patient:120 - Authentication failed for phone +237123456789: patient not found.
2025-07-18 09:59:04 - INFO - app.main - main.log_requests:47 - Response Status: 401
2025-07-18 09:59:04 - INFO - app.main - main.log_requests:48 - Response Time: 1252.88ms
2025-07-18 09:59:42 - INFO - app.main - main.log_requests:35 - Request: POST http://localhost:8000/api/login
2025-07-18 09:59:42 - INFO - app.main - main.log_requests:38 - Request Body: {'phone_number': '679977660', 'password': 'frank123'}
2025-07-18 09:59:42 - INFO - app.services.patient_service - patient_service.authenticate_patient:113 - Authentication attempt for phone: 679977660
2025-07-18 09:59:43 - INFO - app.services.patient_service - patient_service.authenticate_patient:127 - Patient 5616c196-d52c-4288-9b6c-612a3a1b8d17 authenticated successfully.
2025-07-18 10:01:54 - INFO - root - logging_config.setup_logging:46 - Logging configured successfully.
2025-07-18 10:01:54 - INFO - app.main - main.<module>:19 - Creating database tables...
2025-07-18 10:01:59 - INFO - app.main - main.<module>:21 - Database tables created.
2025-07-18 10:01:59 - INFO - app.main - main.log_requests:35 - Request: POST http://localhost:8000/api/login
2025-07-18 10:01:59 - INFO - app.main - main.log_requests:38 - Request Body: {'phone_number': '679977660', 'password': 'frank123'}
2025-07-18 10:01:59 - INFO - app.services.patient_service - patient_service.authenticate_patient:113 - Authentication attempt for phone: 679977660
2025-07-18 10:02:00 - INFO - app.services.patient_service - patient_service.authenticate_patient:127 - Patient 5616c196-d52c-4288-9b6c-612a3a1b8d17 authenticated successfully.
2025-07-18 10:02:00 - INFO - app.main - main.log_requests:47 - Response Status: 200
2025-07-18 10:02:00 - INFO - app.main - main.log_requests:48 - Response Time: 1173.23ms
2025-07-18 10:02:32 - INFO - app.main - main.log_requests:35 - Request: POST http://localhost:8000/api/login
2025-07-18 10:02:32 - INFO - app.main - main.log_requests:38 - Request Body: {'phone_number': '679977660', 'password': 'frank123'}
2025-07-18 10:02:32 - INFO - app.services.patient_service - patient_service.authenticate_patient:113 - Authentication attempt for phone: 679977660
2025-07-18 10:02:33 - INFO - app.services.patient_service - patient_service.authenticate_patient:127 - Patient 5616c196-d52c-4288-9b6c-612a3a1b8d17 authenticated successfully.
2025-07-18 10:02:33 - INFO - app.main - main.log_requests:47 - Response Status: 200
2025-07-18 10:02:33 - INFO - app.main - main.log_requests:48 - Response Time: 1090.43ms
2025-07-18 10:04:03 - INFO - app.main - main.log_requests:35 - Request: POST http://localhost:8000/api/signup
2025-07-18 10:04:03 - INFO - app.main - main.log_requests:38 - Request Body: {'first_name': 'tambong', 'last_name': 'kersten', 'phone_number': '670527426', 'email': 'tambong@gmail.com', 'preferred_language': 'en', 'password': 'Slade2021'}
2025-07-18 10:04:03 - INFO - app.services.patient_service - patient_service.create_patient:65 - Attempting to create patient with phone: 670527426
2025-07-18 10:04:04 - WARNING - app.services.patient_service - patient_service.create_patient:75 - Patient creation failed: phone number 670527426 already exists.
2025-07-18 10:04:04 - INFO - app.main - main.log_requests:47 - Response Status: 400
2025-07-18 10:04:04 - INFO - app.main - main.log_requests:48 - Response Time: 779.26ms
2025-07-18 10:04:41 - INFO - app.main - main.log_requests:35 - Request: POST http://localhost:8000/api/login
2025-07-18 10:04:41 - INFO - app.main - main.log_requests:38 - Request Body: {'phone_number': '670527426', 'password': 'Slade2021'}
2025-07-18 10:04:41 - INFO - app.services.patient_service - patient_service.authenticate_patient:113 - Authentication attempt for phone: 670527426
2025-07-18 10:04:42 - INFO - app.services.patient_service - patient_service.authenticate_patient:127 - Patient e2625f6b-81ff-4450-981b-394ac39c497a authenticated successfully.
2025-07-18 10:08:09 - INFO - root - logging_config.setup_logging:46 - Logging configured successfully.
2025-07-18 10:08:09 - INFO - app.main - main.<module>:19 - Creating database tables...
2025-07-18 10:08:15 - INFO - app.main - main.<module>:21 - Database tables created.
2025-07-18 10:08:21 - INFO - app.main - main.log_requests:35 - Request: POST http://localhost:8000/api/login
2025-07-18 10:08:21 - INFO - app.main - main.log_requests:38 - Request Body: {'phone_number': '670527426', 'password': 'Slade2021'}
2025-07-18 10:08:21 - INFO - app.services.patient_service - patient_service.authenticate_patient:113 - Authentication attempt for phone: 670527426
2025-07-18 10:08:22 - INFO - app.services.patient_service - patient_service.authenticate_patient:127 - Patient e2625f6b-81ff-4450-981b-394ac39c497a authenticated successfully.
2025-07-18 10:08:22 - INFO - app.main - main.log_requests:47 - Response Status: 200
2025-07-18 10:08:22 - INFO - app.main - main.log_requests:48 - Response Time: 1277.25ms
2025-07-18 10:09:32 - INFO - app.main - main.log_requests:35 - Request: POST http://localhost:8000/api/reminder/
2025-07-18 10:09:32 - INFO - app.main - main.log_requests:38 - Request Body: {'patient_id': 'e2625f6b-81ff-4450-981b-394ac39c497a', 'title': 'Take Morning Medication', 'message': 'Please take your blood pressure medication with breakfast and a full glass of water', 'scheduled_time': ['2024-01-15T08:00:00Z', '2024-01-16T08:00:00Z'], 'days': ['Monday', 'Tuesday', 'Wednesday', 'Thursday', 'Friday'], 'status': 'active'}
2025-07-18 10:09:33 - INFO - app.main - main.log_requests:47 - Response Status: 400
2025-07-18 10:09:33 - INFO - app.main - main.log_requests:48 - Response Time: 1076.46ms
2025-07-18 10:13:14 - INFO - app.main - main.log_requests:35 - Request: POST http://localhost:8000/api/reminder/
2025-07-18 10:13:14 - INFO - app.main - main.log_requests:38 - Request Body: {'patient_id': 'e2625f6b-81ff-4450-981b-394ac39c497a', 'title': 'Take Morning Medication', 'message': 'Please take your blood pressure medication with breakfast and a full glass of water', 'scheduled_time': ['2024-01-15T08:00:00Z', '2024-01-16T08:00:00Z'], 'days': ['Monday', 'Tuesday', 'Wednesday', 'Thursday', 'Friday'], 'status': 'active'}
2025-07-18 10:13:15 - INFO - app.main - main.log_requests:47 - Response Status: 400
2025-07-18 10:13:15 - INFO - app.main - main.log_requests:48 - Response Time: 1055.19ms
2025-07-18 10:13:37 - INFO - app.main - main.log_requests:35 - Request: POST http://localhost:8000/api/reminder/
2025-07-18 10:13:37 - INFO - app.main - main.log_requests:38 - Request Body: {'patient_id': 'e2625f6b-81ff-4450-981b-394ac39c497a', 'message': 'Please take your blood pressure medication with breakfast and a full glass of water', 'scheduled_time': ['2024-01-15T08:00:00Z', '2024-01-16T08:00:00Z'], 'days': ['Monday', 'Tuesday', 'Wednesday', 'Thursday', 'Friday'], 'status': 'active'}
2025-07-18 10:13:37 - INFO - app.main - main.log_requests:47 - Response Status: 422
2025-07-18 10:13:37 - INFO - app.main - main.log_requests:48 - Response Time: 3.65ms
2025-07-18 10:14:01 - INFO - app.main - main.log_requests:35 - Request: POST http://localhost:8000/api/reminder/
2025-07-18 10:14:01 - INFO - app.main - main.log_requests:38 - Request Body: {'patient_id': 'e2625f6b-81ff-4450-981b-394ac39c497a', 'title': 'Take Morning Medication', 'message': 'Please take your blood pressure medication with breakfast and a full glass of water', 'scheduled_time': ['2024-01-15T08:00:00Z', '2024-01-16T08:00:00Z'], 'days': ['Monday', 'Tuesday', 'Wednesday', 'Thursday', 'Friday'], 'status': 'active'}
2025-07-18 10:14:02 - INFO - app.main - main.log_requests:47 - Response Status: 400
2025-07-18 10:14:02 - INFO - app.main - main.log_requests:48 - Response Time: 1045.19ms
2025-07-18 10:14:23 - INFO - root - logging_config.setup_logging:46 - Logging configured successfully.
2025-07-18 10:14:23 - INFO - app.main - main.<module>:19 - Creating database tables...
2025-07-18 10:14:28 - INFO - app.main - main.<module>:21 - Database tables created.
2025-07-18 10:14:40 - INFO - app.main - main.log_requests:35 - Request: POST http://localhost:8000/api/reminder/
2025-07-18 10:14:40 - INFO - app.main - main.log_requests:38 - Request Body: {'patient_id': 'e2625f6b-81ff-4450-981b-394ac39c497a', 'title': 'Take Morning Medication', 'message': 'Please take your blood pressure medication with breakfast and a full glass of water', 'scheduled_time': ['2024-01-15T08:00:00Z', '2024-01-16T08:00:00Z'], 'days': ['Monday', 'Tuesday', 'Wednesday', 'Thursday', 'Friday'], 'status': 'active'}
2025-07-18 10:14:41 - INFO - app.main - main.log_requests:47 - Response Status: 400
2025-07-18 10:14:41 - INFO - app.main - main.log_requests:48 - Response Time: 1102.53ms
2025-07-18 10:22:56 - INFO - app.main - main.log_requests:35 - Request: POST http://localhost:8000/api/reminder/
2025-07-18 10:22:56 - INFO - app.main - main.log_requests:38 - Request Body: {'patient_id': 'e2625f6b-81ff-4450-981b-394ac39c497a', 'title': 'Take Morning Medication', 'message': 'Please take your blood pressure medication with breakfast and a full glass of water', 'scheduled_time': ['2024-01-15T08:00:00Z', '2024-01-16T08:00:00Z'], 'days': ['Monday', 'Tuesday', 'Wednesday', 'Thursday', 'Friday'], 'status': 'active'}
2025-07-18 10:22:57 - INFO - app.main - main.log_requests:47 - Response Status: 400
2025-07-18 10:22:57 - INFO - app.main - main.log_requests:48 - Response Time: 1071.72ms
2025-07-18 10:23:12 - INFO - app.main - main.log_requests:35 - Request: GET http://localhost:8000/docs
2025-07-18 10:23:12 - INFO - app.main - main.log_requests:40 - Request Body: (No JSON body or unable to parse)
2025-07-18 10:23:12 - INFO - app.main - main.log_requests:47 - Response Status: 200
2025-07-18 10:23:12 - INFO - app.main - main.log_requests:48 - Response Time: 2.74ms
2025-07-18 10:23:13 - INFO - app.main - main.log_requests:35 - Request: GET http://localhost:8000/openapi.json
2025-07-18 10:23:13 - INFO - app.main - main.log_requests:40 - Request Body: (No JSON body or unable to parse)
2025-07-18 10:23:13 - INFO - app.main - main.log_requests:47 - Response Status: 200
2025-07-18 10:23:13 - INFO - app.main - main.log_requests:48 - Response Time: 71.06ms
2025-07-18 10:23:45 - INFO - app.main - main.log_requests:35 - Request: POST http://localhost:8000/api/reminder/
2025-07-18 10:23:45 - INFO - app.main - main.log_requests:38 - Request Body: {'patient_id': 'e2625f6b-81ff-4450-981b-394ac39c497a', 'title': 'Take Morning Medication', 'message': 'Please take your blood pressure medication with breakfast and a full glass of water', 'scheduled_time': ['2024-01-15T08:00:00Z', '2024-01-16T08:00:00Z'], 'days': ['Monday', 'Tuesday', 'Wednesday', 'Thursday', 'Friday'], 'status': 'active'}
2025-07-18 10:23:46 - INFO - app.main - main.log_requests:47 - Response Status: 400
2025-07-18 10:23:46 - INFO - app.main - main.log_requests:48 - Response Time: 1044.29ms
2025-07-18 10:24:25 - INFO - root - logging_config.setup_logging:46 - Logging configured successfully.
2025-07-18 10:24:25 - INFO - app.main - main.<module>:19 - Creating database tables...
2025-07-18 10:24:31 - INFO - app.main - main.<module>:21 - Database tables created.
2025-07-18 10:26:55 - INFO - root - logging_config.setup_logging:46 - Logging configured successfully.
2025-07-18 10:26:55 - INFO - app.main - main.<module>:19 - Creating database tables...
2025-07-18 10:27:00 - INFO - app.main - main.<module>:21 - Database tables created.
2025-07-18 10:27:07 - INFO - app.main - main.log_requests:35 - Request: POST http://localhost:8000/api/reminder/
2025-07-18 10:27:07 - INFO - app.main - main.log_requests:38 - Request Body: {'patient_id': 'e2625f6b-81ff-4450-981b-394ac39c497a', 'message': 'Please take your blood pressure medication with breakfast and a full glass of water', 'scheduled_time': ['2024-01-15T08:00:00Z', '2024-01-16T08:00:00Z'], 'days': ['Monday', 'Tuesday', 'Wednesday', 'Thursday', 'Friday'], 'status': 'active'}
2025-07-18 10:27:08 - INFO - app.main - main.log_requests:47 - Response Status: 400
2025-07-18 10:27:08 - INFO - app.main - main.log_requests:48 - Response Time: 890.20ms
2025-07-18 10:27:19 - INFO - app.main - main.log_requests:35 - Request: POST http://localhost:8000/api/reminder/
2025-07-18 10:27:19 - INFO - app.main - main.log_requests:38 - Request Body: {'patient_id': 'e2625f6b-81ff-4450-981b-394ac39c497a', 'title': 'Take Morning Medication', 'message': 'Please take your blood pressure medication with breakfast and a full glass of water', 'scheduled_time': ['2024-01-15T08:00:00Z', '2024-01-16T08:00:00Z'], 'days': ['Monday', 'Tuesday', 'Wednesday', 'Thursday', 'Friday'], 'status': 'active'}
2025-07-18 10:27:20 - INFO - app.main - main.log_requests:47 - Response Status: 400
2025-07-18 10:27:20 - INFO - app.main - main.log_requests:48 - Response Time: 806.13ms
2025-07-18 10:27:27 - INFO - app.main - main.log_requests:35 - Request: POST http://localhost:8000/api/reminder/
2025-07-18 10:27:27 - INFO - app.main - main.log_requests:38 - Request Body: {'patient_id': 'e2625f6b-81ff-4450-981b-394ac39c497a', 'title': 'Take Morning Medication', 'message': 'Please take your blood pressure medication with breakfast and a full glass of water', 'scheduled_time': ['2024-01-15T08:00:00Z', '2024-01-16T08:00:00Z'], 'days': ['Monday', 'Tuesday', 'Wednesday', 'Thursday', 'Friday'], 'status': 'active'}
2025-07-18 10:27:28 - INFO - app.main - main.log_requests:47 - Response Status: 400
2025-07-18 10:27:28 - INFO - app.main - main.log_requests:48 - Response Time: 756.74ms
