2025-08-06 01:03:20 - INFO - root - logging_config.setup_logging:51 - Logging configured successfully.
2025-08-06 01:03:20 - INFO - app.main - main.<module>:24 - Creating database tables...
2025-08-06 01:03:31 - INFO - app.main - main.<module>:26 - Database tables created.
2025-08-06 01:03:31 - INFO - app.main - main.startup_event:38 - 🚀 Starting CareChat API...
2025-08-06 01:03:31 - INFO - app.main - main.startup_event:42 - ✅ SMS service configured successfully
2025-08-06 01:03:31 - INFO - app.main - main.startup_event:43 -    Twilio Account: AC810a610c...
2025-08-06 01:03:31 - INFO - app.main - main.startup_event:44 -    Twilio Number: +12542765182
2025-08-06 01:03:31 - INFO - app.main - main.startup_event:50 - 📅 Reminder scheduler ready (start via /api/reminder/start-scheduler)
2025-08-06 01:03:31 - INFO - app.main - main.startup_event:51 - 🎉 CareChat API startup complete!
2025-08-06 01:03:38 - INFO - root - logging_config.setup_logging:51 - Logging configured successfully.
2025-08-06 01:03:38 - INFO - app.main - main.<module>:24 - Creating database tables...
2025-08-06 01:03:47 - INFO - app.main - main.<module>:26 - Database tables created.
2025-08-06 01:03:47 - INFO - app.main - main.startup_event:38 - 🚀 Starting CareChat API...
2025-08-06 01:03:47 - INFO - app.main - main.startup_event:42 - ✅ SMS service configured successfully
2025-08-06 01:03:47 - INFO - app.main - main.startup_event:43 -    Twilio Account: AC810a610c...
2025-08-06 01:03:47 - INFO - app.main - main.startup_event:44 -    Twilio Number: +12542765182
2025-08-06 01:03:47 - INFO - app.main - main.startup_event:50 - 📅 Reminder scheduler ready (start via /api/reminder/start-scheduler)
2025-08-06 01:03:47 - INFO - app.main - main.startup_event:51 - 🎉 CareChat API startup complete!
2025-08-06 01:03:53 - INFO - root - logging_config.setup_logging:51 - Logging configured successfully.
2025-08-06 01:03:53 - INFO - app.main - main.<module>:24 - Creating database tables...
2025-08-06 01:04:02 - INFO - app.main - main.<module>:26 - Database tables created.
2025-08-06 01:04:02 - INFO - app.main - main.startup_event:38 - 🚀 Starting CareChat API...
2025-08-06 01:04:02 - INFO - app.main - main.startup_event:42 - ✅ SMS service configured successfully
2025-08-06 01:04:02 - INFO - app.main - main.startup_event:43 -    Twilio Account: AC810a610c...
2025-08-06 01:04:02 - INFO - app.main - main.startup_event:44 -    Twilio Number: +12542765182
2025-08-06 01:04:02 - INFO - app.main - main.startup_event:50 - 📅 Reminder scheduler ready (start via /api/reminder/start-scheduler)
2025-08-06 01:04:02 - INFO - app.main - main.startup_event:51 - 🎉 CareChat API startup complete!
2025-08-06 01:04:08 - INFO - root - logging_config.setup_logging:51 - Logging configured successfully.
2025-08-06 01:04:08 - INFO - app.main - main.<module>:24 - Creating database tables...
2025-08-06 01:04:17 - INFO - app.main - main.<module>:26 - Database tables created.
2025-08-06 01:04:17 - INFO - app.main - main.startup_event:38 - 🚀 Starting CareChat API...
2025-08-06 01:04:17 - INFO - app.main - main.startup_event:42 - ✅ SMS service configured successfully
2025-08-06 01:04:17 - INFO - app.main - main.startup_event:43 -    Twilio Account: AC810a610c...
2025-08-06 01:04:17 - INFO - app.main - main.startup_event:44 -    Twilio Number: +12542765182
2025-08-06 01:04:17 - INFO - app.main - main.startup_event:50 - 📅 Reminder scheduler ready (start via /api/reminder/start-scheduler)
2025-08-06 01:04:17 - INFO - app.main - main.startup_event:51 - 🎉 CareChat API startup complete!
